#
# A fatal error has been detected by the Java Runtime Environment:
#
#  SIGSEGV (0xb) at pc=0x0000000110088f94, pid=9932, tid=16643
#
# JRE version: Java(TM) SE Runtime Environment (8.0_60-b27) (build 1.8.0_60-b27)
# Java VM: Java HotSpot(TM) 64-Bit Server VM (25.60-b23 mixed mode bsd-amd64 compressed oops)
# Problematic frame:
# V  [libjvm.dylib+0x382f94]  JvmtiEnv::GetClassMethods(oopDesc*, int*, _jmethodID***)+0x122
#
# Failed to write core dump. Core dumps have been disabled. To enable core dumping, try "ulimit -c unlimited" before starting Java again
#
# If you would like to submit a bug report, please visit:
#   http://bugreport.java.com/bugreport/crash.jsp
#

---------------  T H R E A D  ---------------

Current thread (0x00007f9bf503b000):  JavaThread "JDWP Transport Listener: dt_socket" daemon [_thread_in_vm, id=16643, stack(0x00000001290f7000,0x00000001291f7000)]

siginfo: si_signo: 11 (SIGSEGV), si_code: 1 (SEGV_MAPERR), si_addr: 0x00007f9d22ae5de0

Registers:
RAX=0x00007f9bf3d1d208, RBX=0x00000007c0060028, RCX=0x0000000000000001, RDX=0x00007f9bf3e166e0
RSP=0x00000001291f6970, RBP=0x00000001291f69f0, RSI=0x0000000000000000, RDI=0x00007f9bf3e161f0
R8 =0x0000000000000001, R9 =0x00007f9bf3d00000, R10=0x0000000000000020, R11=0x00007f9bf3d00000
R12=0x0000000000000007, R13=0x0000000025d750f0, R14=0x0000000000000009, R15=0x00007f9bf3f3d660
RIP=0x0000000110088f94, EFLAGS=0x0000000000010202, ERR=0x0000000000000006
  TRAPNO=0x000000000000000e

Top of Stack: (sp=0x00000001291f6970)
0x00000001291f6970:   00000001291f6980 0000000000000009
0x00000001291f6980:   00000001291f6a84 00000001291f6a78
0x00000001291f6990:   00007f9bf503b000 00007f9bf3e15fe0
0x00000001291f69a0:   00007f9bf3e16100 00007f9bf3e16110
0x00000001291f69b0:   00007f9bf3e161e8 00000000000000d8
0x00000001291f69c0:   00000001291f6db0 00000001291f6a78
0x00000001291f69d0:   00007f9bf3f00c30 00007f9bf503b000
0x00000001291f69e0:   00000001291f6a84 0000000795771600
0x00000001291f69f0:   00000001291f6a60 000000011005d8ff
0x00000001291f6a00:   00007f9bf503b000 00007f9bf503b000
0x00000001291f6a10:   0000000000000000 0000000100000000
0x00000001291f6a20:   0000000000000000 00007f9bf503b000
0x00000001291f6a30:   00007f9bf503b000 0000000000000001
0x00000001291f6a40:   00007f9bf3d12020 00007f9bf3e444c0
0x00000001291f6a50:   00000001291f6b08 00000001291f6c90
0x00000001291f6a60:   00000001291f6ad0 0000000110ddb195
0x00000001291f6a70:   00000001291f6aa0 0000000000000000
0x00000001291f6a80:   0000000000000032 00000001291f6b08
0x00000001291f6a90:   00000001291f6b08 0000000110e09598
0x00000001291f6aa0:   00000001291f6ac0 00000001291f6c90
0x00000001291f6ab0:   0000000110dfde7a 00007f9bf3e444c0
0x00000001291f6ac0:   00000001291f6b08 0000000110e09598
0x00000001291f6ad0:   00000001291f6ae0 0000000110ddb2ec
0x00000001291f6ae0:   00000001291f6d00 0000000110de4898
0x00000001291f6af0:   0000aeed00000013 00000000000f0200
0x00000001291f6b00:   00007f9bf3e42710 00000001291f6b58
0x00000001291f6b10:   00007f9b0000012c 00000001291f6b20
0x00000001291f6b20:   00007f9b00000000 00000001291f6b58
0x00000001291f6b30:   0000000000000000 0000000000000000
0x00000001291f6b40:   0000aeed00000030 0000000000000080
0x00000001291f6b50:   00000001291f6b58 0000000001000000
0x00000001291f6b60:   000000010b003500 7f0000ae01000000 

Instructions: (pc=0x0000000110088f94)
0x0000000110088f74:   45 31 e4 48 8b 83 80 01 00 00 48 8b 8b a0 01 00
0x0000000110088f84:   00 4e 63 6c a1 04 4a 8b 7c e0 08 e8 8c ff f9 ff
0x0000000110088f94:   4b 89 04 ef 49 ff c4 4d 39 e6 75 d7 48 8b 45 88
0x0000000110088fa4:   48 8b 55 90 89 02 48 8b 4d 98 4c 89 39 31 db 48 

Register to memory mapping:

RAX=0x00007f9bf3d1d208 is an unknown value
RBX=0x00000007c0060028 is pointing into metadata
RCX=0x0000000000000001 is an unknown value
RDX=0x00007f9bf3e166e0 is an unknown value
RSP=0x00000001291f6970 is pointing into the stack for thread: 0x00007f9bf503b000
RBP=0x00000001291f69f0 is pointing into the stack for thread: 0x00007f9bf503b000
RSI=0x0000000000000000 is an unknown value
RDI=0x00007f9bf3e161f0 is an unknown value
R8 =0x0000000000000001 is an unknown value
R9 =0x00007f9bf3d00000 is an unknown value
R10=0x0000000000000020 is an unknown value
R11=0x00007f9bf3d00000 is an unknown value
R12=0x0000000000000007 is an unknown value
R13=0x0000000025d750f0 is an unknown value
R14=0x0000000000000009 is an unknown value
R15=0x00007f9bf3f3d660 is an unknown value


Stack: [0x00000001290f7000,0x00000001291f7000],  sp=0x00000001291f6970,  free space=1022k
Native frames: (J=compiled Java code, j=interpreted, Vv=VM code, C=native code)
V  [libjvm.dylib+0x382f94]  JvmtiEnv::GetClassMethods(oopDesc*, int*, _jmethodID***)+0x122
V  [libjvm.dylib+0x3578ff]  jvmti_GetClassMethods+0x130
C  [libjdwp.dylib+0x5195]  methods1+0xad
C  [libjdwp.dylib+0x52ec]  methodsWithGeneric+0xe
C  [libjdwp.dylib+0xe898]  debugLoop_run+0x1ce
C  [libjdwp.dylib+0x1f6ba]  attachThread+0x4d
V  [libjvm.dylib+0x396d6c]  JvmtiAgentThread::call_start_function()+0x38
V  [libjvm.dylib+0x5612d3]  JavaThread::thread_main_inner()+0x9b
V  [libjvm.dylib+0x5629ce]  JavaThread::run()+0x1c2
V  [libjvm.dylib+0x48343a]  java_start(Thread*)+0xf6
C  [libsystem_pthread.dylib+0x405a]  _pthread_body+0x83
C  [libsystem_pthread.dylib+0x3fd7]  _pthread_body+0x0
C  [libsystem_pthread.dylib+0x13ed]  thread_start+0xd
C  0x0000000000000000


---------------  P R O C E S S  ---------------

Java Threads: ( => current thread )
  0x00007f9bf503d000 JavaThread "Service Thread" daemon [_thread_blocked, id=19715, stack(0x0000000129709000,0x0000000129809000)]
  0x00007f9bf503c800 JavaThread "C1 CompilerThread2" daemon [_thread_blocked, id=19203, stack(0x0000000129606000,0x0000000129706000)]
  0x00007f9bf401e800 JavaThread "C2 CompilerThread1" daemon [_thread_blocked, id=18691, stack(0x0000000129503000,0x0000000129603000)]
  0x00007f9bf583d000 JavaThread "C2 CompilerThread0" daemon [_thread_blocked, id=18179, stack(0x0000000129400000,0x0000000129500000)]
  0x00007f9bf503b800 JavaThread "JDWP Command Reader" daemon [_thread_in_native, id=17667, stack(0x00000001292fd000,0x00000001293fd000)]
  0x00007f9bf500d000 JavaThread "JDWP Event Helper Thread" daemon [_thread_blocked, id=17155, stack(0x00000001291fa000,0x00000001292fa000)]
=>0x00007f9bf503b000 JavaThread "JDWP Transport Listener: dt_socket" daemon [_thread_in_vm, id=16643, stack(0x00000001290f7000,0x00000001291f7000)]
  0x00007f9bf5036000 JavaThread "Signal Dispatcher" daemon [_thread_blocked, id=16139, stack(0x0000000128fed000,0x00000001290ed000)]
  0x00007f9bf5839800 JavaThread "Finalizer" daemon [_thread_blocked, id=11011, stack(0x00000001275c7000,0x00000001276c7000)]
  0x00007f9bf4012000 JavaThread "Reference Handler" daemon [_thread_blocked, id=10499, stack(0x00000001274c4000,0x00000001275c4000)]
  0x00007f9bf580e800 JavaThread "main" [_thread_blocked, id=3331, stack(0x0000000110c90000,0x0000000110d90000)]

Other Threads:
  0x00007f9bf5031000 VMThread [stack: 0x00000001273c1000,0x00000001274c1000] [id=9987]
  0x00007f9bf401a800 WatcherThread [stack: 0x000000012980c000,0x000000012990c000] [id=20227]

VM state:not at safepoint (normal execution)

VM Mutex/Monitor currently owned by a thread: None

Heap:
 PSYoungGen      total 38400K, used 6657K [0x0000000795580000, 0x0000000798000000, 0x00000007c0000000)
  eden space 33280K, 20% used [0x0000000795580000,0x0000000795c00738,0x0000000797600000)
  from space 5120K, 0% used [0x0000000797b00000,0x0000000797b00000,0x0000000798000000)
  to   space 5120K, 0% used [0x0000000797600000,0x0000000797600000,0x0000000797b00000)
 ParOldGen       total 87552K, used 0K [0x0000000740000000, 0x0000000745580000, 0x0000000795580000)
  object space 87552K, 0% used [0x0000000740000000,0x0000000740000000,0x0000000745580000)
 Metaspace       used 5376K, capacity 5586K, committed 5888K, reserved 1056768K
  class space    used 585K, capacity 669K, committed 768K, reserved 1048576K

Card table byte_map: [0x0000000120bc0000,0x0000000120fc1000] byte_map_base: 0x000000011d1c0000

Marking Bits: (ParMarkBitMap*) 0x00000001105e4e20
 Begin Bits: [0x0000000121575000, 0x0000000123575000)
 End Bits:   [0x0000000123575000, 0x0000000125575000)

Polling page: 0x0000000110dd5000

CodeCache: size=245760Kb used=1916Kb max_used=1916Kb free=243843Kb
 bounds [0x0000000111800000, 0x0000000111a70000, 0x0000000120800000]
 total_blobs=645 nmethods=384 adapters=183
 compilation: enabled

Compilation events (10 events):
Event: 0.610 Thread 0x00007f9bf503c800  360       1       com.sun.org.apache.xerces.internal.impl.XMLDocumentFragmentScannerImpl::access$100 (5 bytes)
Event: 0.611 Thread 0x00007f9bf503c800 nmethod 360 0x00000001119de4d0 code [0x00000001119de620, 0x00000001119de710]
Event: 0.611 Thread 0x00007f9bf503c800  371       3       com.sun.org.apache.xerces.internal.xni.XMLString::toString (32 bytes)
Event: 0.611 Thread 0x00007f9bf503c800 nmethod 371 0x00000001119de790 code [0x00000001119de900, 0x00000001119deb68]
Event: 0.611 Thread 0x00007f9bf503c800  380       3       com.sun.org.apache.xerces.internal.dom.CharacterDataImpl::getNodeValue (16 bytes)
Event: 0.611 Thread 0x00007f9bf503c800 nmethod 380 0x00000001119dec10 code [0x00000001119ded80, 0x00000001119df108]
Event: 0.611 Thread 0x00007f9bf503c800  376       1       com.sun.org.apache.xerces.internal.dom.DocumentImpl::getMutationEvents (5 bytes)
Event: 0.611 Thread 0x00007f9bf503c800 nmethod 376 0x00000001119df1d0 code [0x00000001119df320, 0x00000001119df430]
Event: 0.611 Thread 0x00007f9bf503c800  384       1       com.sun.org.apache.xerces.internal.dom.AttrImpl::getNodeType (2 bytes)
Event: 0.611 Thread 0x00007f9bf503c800 nmethod 384 0x00000001119df490 code [0x00000001119df5e0, 0x00000001119df6f0]

GC Heap History (0 events):
No events

Deoptimization events (2 events):
Event: 0.227 Thread 0x00007f9bf580e800 Uncommon trap: reason=unstable_if action=reinterpret pc=0x000000011190af28 method=java.lang.String.hashCode()I @ 14
Event: 0.252 Thread 0x00007f9bf580e800 Uncommon trap: reason=unstable_if action=reinterpret pc=0x000000011190cb20 method=java.lang.String.indexOf(II)I @ 49

Internal exceptions (10 events):
Event: 0.211 Thread 0x00007f9bf580e800 Exception <a 'java/security/PrivilegedActionException'> (0x0000000795733d20) thrown at [/Users/java_re/workspace/8-2-build-macosx-x86_64/jdk8u60/4407/hotspot/src/share/vm/prims/jvm.cpp, line 1386]
Event: 0.213 Thread 0x00007f9bf580e800 Exception <a 'java/util/zip/ZipException'> (0x00000007957457f8) thrown at [/Users/java_re/workspace/8-2-build-macosx-x86_64/jdk8u60/4407/hotspot/src/share/vm/prims/jni.cpp, line 709]
Event: 0.213 Thread 0x00007f9bf580e800 Exception <a 'java/security/PrivilegedActionException'> (0x0000000795745a00) thrown at [/Users/java_re/workspace/8-2-build-macosx-x86_64/jdk8u60/4407/hotspot/src/share/vm/prims/jvm.cpp, line 1386]
Event: 0.214 Thread 0x00007f9bf580e800 Exception <a 'java/security/PrivilegedActionException'> (0x0000000795745c10) thrown at [/Users/java_re/workspace/8-2-build-macosx-x86_64/jdk8u60/4407/hotspot/src/share/vm/prims/jvm.cpp, line 1386]
Event: 0.330 Thread 0x00007f9bf580e800 Exception <a 'java/lang/NoSuchFieldError': method resolution failed> (0x0000000795992b78) thrown at [/Users/java_re/workspace/8-2-build-macosx-x86_64/jdk8u60/4407/hotspot/src/share/vm/prims/methodHandles.cpp, line 1146]
Event: 0.345 Thread 0x00007f9bf580e800 Exception <a 'java/lang/NoSuchFieldError': method resolution failed> (0x000000079599ff78) thrown at [/Users/java_re/workspace/8-2-build-macosx-x86_64/jdk8u60/4407/hotspot/src/share/vm/prims/methodHandles.cpp, line 1146]
Event: 0.442 Thread 0x00007f9bf580e800 Exception <a 'java/security/PrivilegedActionException'> (0x0000000795a43478) thrown at [/Users/java_re/workspace/8-2-build-macosx-x86_64/jdk8u60/4407/hotspot/src/share/vm/prims/jvm.cpp, line 1386]
Event: 0.442 Thread 0x00007f9bf580e800 Exception <a 'java/security/PrivilegedActionException'> (0x0000000795a43870) thrown at [/Users/java_re/workspace/8-2-build-macosx-x86_64/jdk8u60/4407/hotspot/src/share/vm/prims/jvm.cpp, line 1386]
Event: 0.442 Thread 0x00007f9bf580e800 Exception <a 'java/security/PrivilegedActionException'> (0x0000000795a46cf8) thrown at [/Users/java_re/workspace/8-2-build-macosx-x86_64/jdk8u60/4407/hotspot/src/share/vm/prims/jvm.cpp, line 1386]
Event: 0.442 Thread 0x00007f9bf580e800 Exception <a 'java/security/PrivilegedActionException'> (0x0000000795a470f0) thrown at [/Users/java_re/workspace/8-2-build-macosx-x86_64/jdk8u60/4407/hotspot/src/share/vm/prims/jvm.cpp, line 1386]

Events (10 events):
Event: 4971.316 Executing VM operation: GetOrSetLocal
Event: 4971.316 Executing VM operation: GetOrSetLocal done
Event: 4971.317 Executing VM operation: GetOrSetLocal
Event: 4971.317 Executing VM operation: GetOrSetLocal done
Event: 4971.331 Executing VM operation: GetOrSetLocal
Event: 4971.331 Executing VM operation: GetOrSetLocal done
Event: 4971.336 Executing VM operation: GetOrSetLocal
Event: 4971.336 Executing VM operation: GetOrSetLocal done
Event: 4971.338 Executing VM operation: GetOrSetLocal
Event: 4971.338 Executing VM operation: GetOrSetLocal done


Dynamic libraries:
0x000000000a05d000 	/System/Library/Frameworks/Cocoa.framework/Versions/A/Cocoa
0x000000000a05d000 	/System/Library/Frameworks/Security.framework/Versions/A/Security
0x000000000a05d000 	/System/Library/Frameworks/ApplicationServices.framework/Versions/A/ApplicationServices
0x000000000a05d000 	/usr/lib/libz.1.dylib
0x000000000a05d000 	/usr/lib/libSystem.B.dylib
0x000000000a05d000 	/usr/lib/libobjc.A.dylib
0x000000000a05d000 	/System/Library/Frameworks/CoreFoundation.framework/Versions/A/CoreFoundation
0x000000000a05d000 	/System/Library/Frameworks/Foundation.framework/Versions/C/Foundation
0x000000000a05d000 	/System/Library/Frameworks/AppKit.framework/Versions/C/AppKit
0x000000000a05d000 	/System/Library/Frameworks/CoreData.framework/Versions/A/CoreData
0x000000000a05d000 	/System/Library/PrivateFrameworks/RemoteViewServices.framework/Versions/A/RemoteViewServices
0x000000000a05d000 	/System/Library/PrivateFrameworks/UIFoundation.framework/Versions/A/UIFoundation
0x000000000a05d000 	/System/Library/Frameworks/IOSurface.framework/Versions/A/IOSurface
0x000000000a05d000 	/System/Library/Frameworks/AudioToolbox.framework/Versions/A/AudioToolbox
0x000000000a05d000 	/System/Library/Frameworks/AudioUnit.framework/Versions/A/AudioUnit
0x000000000a05d000 	/System/Library/PrivateFrameworks/DataDetectorsCore.framework/Versions/A/DataDetectorsCore
0x000000000a05d000 	/System/Library/PrivateFrameworks/DesktopServicesPriv.framework/Versions/A/DesktopServicesPriv
0x000000000a05d000 	/System/Library/Frameworks/Carbon.framework/Versions/A/Frameworks/HIToolbox.framework/Versions/A/HIToolbox
0x000000000a05d000 	/System/Library/Frameworks/QuartzCore.framework/Versions/A/QuartzCore
0x000000000a05d000 	/System/Library/Frameworks/Carbon.framework/Versions/A/Frameworks/SpeechRecognition.framework/Versions/A/SpeechRecognition
0x000000000a05d000 	/usr/lib/libauto.dylib
0x000000000a05d000 	/usr/lib/libicucore.A.dylib
0x000000000a05d000 	/usr/lib/libxml2.2.dylib
0x000000000a05d000 	/System/Library/PrivateFrameworks/CoreUI.framework/Versions/A/CoreUI
0x000000000a05d000 	/System/Library/Frameworks/CoreAudio.framework/Versions/A/CoreAudio
0x000000000a05d000 	/System/Library/Frameworks/DiskArbitration.framework/Versions/A/DiskArbitration
0x000000000a05d000 	/usr/lib/liblangid.dylib
0x000000000a05d000 	/System/Library/PrivateFrameworks/MultitouchSupport.framework/Versions/A/MultitouchSupport
0x000000000a05d000 	/System/Library/Frameworks/IOKit.framework/Versions/A/IOKit
0x000000000a05d000 	/usr/lib/libDiagnosticMessagesClient.dylib
0x000000000a05d000 	/System/Library/Frameworks/CoreServices.framework/Versions/A/CoreServices
0x000000000a05d000 	/System/Library/PrivateFrameworks/PerformanceAnalysis.framework/Versions/A/PerformanceAnalysis
0x000000000a05d000 	/System/Library/PrivateFrameworks/GenerationalStorage.framework/Versions/A/GenerationalStorage
0x000000000a05d000 	/System/Library/Frameworks/OpenGL.framework/Versions/A/OpenGL
0x000000000a05d000 	/System/Library/PrivateFrameworks/Sharing.framework/Versions/A/Sharing
0x000000000a05d000 	/System/Library/Frameworks/CoreGraphics.framework/Versions/A/CoreGraphics
0x000000000a05d000 	/System/Library/Frameworks/CoreText.framework/Versions/A/CoreText
0x000000000a05d000 	/System/Library/Frameworks/ImageIO.framework/Versions/A/ImageIO
0x000000000a05d000 	/usr/lib/libextension.dylib
0x000000000a05d000 	/System/Library/PrivateFrameworks/Backup.framework/Versions/A/Backup
0x000000000a05d000 	/usr/lib/libarchive.2.dylib
0x000000000a05d000 	/System/Library/Frameworks/CFNetwork.framework/Versions/A/CFNetwork
0x000000000a05d000 	/System/Library/Frameworks/SystemConfiguration.framework/Versions/A/SystemConfiguration
0x000000000a05d000 	/usr/lib/libCRFSuite.dylib
0x000000000a05d000 	/usr/lib/libc++.1.dylib
0x000000000a05d000 	/usr/lib/libc++abi.dylib
0x000000000a05d000 	/usr/lib/system/libcache.dylib
0x000000000a05d000 	/usr/lib/system/libcommonCrypto.dylib
0x000000000a05d000 	/usr/lib/system/libcompiler_rt.dylib
0x000000000a05d000 	/usr/lib/system/libcopyfile.dylib
0x000000000a05d000 	/usr/lib/system/libcorecrypto.dylib
0x000000000a05d000 	/usr/lib/system/libdispatch.dylib
0x000000000a05d000 	/usr/lib/system/libdyld.dylib
0x000000000a05d000 	/usr/lib/system/libkeymgr.dylib
0x000000000a05d000 	/usr/lib/system/liblaunch.dylib
0x000000000a05d000 	/usr/lib/system/libmacho.dylib
0x000000000a05d000 	/usr/lib/system/libquarantine.dylib
0x000000000a05d000 	/usr/lib/system/libremovefile.dylib
0x000000000a05d000 	/usr/lib/system/libsystem_asl.dylib
0x000000000a05d000 	/usr/lib/system/libsystem_blocks.dylib
0x000000000a05d000 	/usr/lib/system/libsystem_c.dylib
0x000000000a05d000 	/usr/lib/system/libsystem_configuration.dylib
0x000000000a05d000 	/usr/lib/system/libsystem_coreservices.dylib
0x000000000a05d000 	/usr/lib/system/libsystem_coretls.dylib
0x000000000a05d000 	/usr/lib/system/libsystem_dnssd.dylib
0x000000000a05d000 	/usr/lib/system/libsystem_info.dylib
0x000000000a05d000 	/usr/lib/system/libsystem_kernel.dylib
0x000000000a05d000 	/usr/lib/system/libsystem_m.dylib
0x000000000a05d000 	/usr/lib/system/libsystem_malloc.dylib
0x000000000a05d000 	/usr/lib/system/libsystem_network.dylib
0x000000000a05d000 	/usr/lib/system/libsystem_networkextension.dylib
0x000000000a05d000 	/usr/lib/system/libsystem_notify.dylib
0x000000000a05d000 	/usr/lib/system/libsystem_platform.dylib
0x000000000a05d000 	/usr/lib/system/libsystem_pthread.dylib
0x000000000a05d000 	/usr/lib/system/libsystem_sandbox.dylib
0x000000000a05d000 	/usr/lib/system/libsystem_secinit.dylib
0x000000000a05d000 	/usr/lib/system/libsystem_stats.dylib
0x000000000a05d000 	/usr/lib/system/libsystem_trace.dylib
0x000000000a05d000 	/usr/lib/system/libunc.dylib
0x000000000a05d000 	/usr/lib/system/libunwind.dylib
0x000000000a05d000 	/usr/lib/system/libxpc.dylib
0x000000000a05d000 	/usr/lib/libbz2.1.0.dylib
0x000000000a05d000 	/usr/lib/liblzma.5.dylib
0x000000000a05d000 	/usr/lib/libbsm.0.dylib
0x000000000a05d000 	/usr/lib/libsqlite3.dylib
0x000000000a05d000 	/usr/lib/system/libkxld.dylib
0x000000000a05d000 	/usr/lib/libxar.1.dylib
0x000000000a05d000 	/usr/lib/libpam.2.dylib
0x000000000a05d000 	/usr/lib/libOpenScriptingUtil.dylib
0x000000000a05d000 	/System/Library/Frameworks/CoreServices.framework/Versions/A/Frameworks/FSEvents.framework/Versions/A/FSEvents
0x000000000a05d000 	/System/Library/Frameworks/CoreServices.framework/Versions/A/Frameworks/CarbonCore.framework/Versions/A/CarbonCore
0x000000000a05d000 	/System/Library/Frameworks/CoreServices.framework/Versions/A/Frameworks/Metadata.framework/Versions/A/Metadata
0x000000000a05d000 	/System/Library/Frameworks/CoreServices.framework/Versions/A/Frameworks/OSServices.framework/Versions/A/OSServices
0x000000000a05d000 	/System/Library/Frameworks/CoreServices.framework/Versions/A/Frameworks/SearchKit.framework/Versions/A/SearchKit
0x000000000a05d000 	/System/Library/Frameworks/CoreServices.framework/Versions/A/Frameworks/AE.framework/Versions/A/AE
0x000000000a05d000 	/System/Library/Frameworks/CoreServices.framework/Versions/A/Frameworks/LaunchServices.framework/Versions/A/LaunchServices
0x000000000a05d000 	/System/Library/Frameworks/CoreServices.framework/Versions/A/Frameworks/DictionaryServices.framework/Versions/A/DictionaryServices
0x000000000a05d000 	/System/Library/Frameworks/NetFS.framework/Versions/A/NetFS
0x000000000a05d000 	/System/Library/PrivateFrameworks/NetAuth.framework/Versions/A/NetAuth
0x000000000a05d000 	/System/Library/PrivateFrameworks/login.framework/Versions/A/Frameworks/loginsupport.framework/Versions/A/loginsupport
0x000000000a05d000 	/System/Library/PrivateFrameworks/TCC.framework/Versions/A/TCC
0x000000000a05d000 	/usr/lib/libmecabra.dylib
0x000000000a05d000 	/System/Library/Frameworks/ApplicationServices.framework/Versions/A/Frameworks/ATS.framework/Versions/A/ATS
0x000000000a05d000 	/System/Library/Frameworks/ApplicationServices.framework/Versions/A/Frameworks/ColorSync.framework/Versions/A/ColorSync
0x000000000a05d000 	/System/Library/Frameworks/ApplicationServices.framework/Versions/A/Frameworks/HIServices.framework/Versions/A/HIServices
0x000000000a05d000 	/System/Library/Frameworks/ApplicationServices.framework/Versions/A/Frameworks/LangAnalysis.framework/Versions/A/LangAnalysis
0x000000000a05d000 	/System/Library/Frameworks/ApplicationServices.framework/Versions/A/Frameworks/PrintCore.framework/Versions/A/PrintCore
0x000000000a05d000 	/System/Library/Frameworks/ApplicationServices.framework/Versions/A/Frameworks/QD.framework/Versions/A/QD
0x000000000a05d000 	/System/Library/Frameworks/ApplicationServices.framework/Versions/A/Frameworks/SpeechSynthesis.framework/Versions/A/SpeechSynthesis
0x000000000a05d000 	/System/Library/Frameworks/Accelerate.framework/Versions/A/Accelerate
0x000000000a05d000 	/System/Library/Frameworks/Accelerate.framework/Versions/A/Frameworks/vImage.framework/Versions/A/vImage
0x000000000a05d000 	/System/Library/Frameworks/Accelerate.framework/Versions/A/Frameworks/vecLib.framework/Versions/A/vecLib
0x000000000a05d000 	/System/Library/Frameworks/Accelerate.framework/Versions/A/Frameworks/vecLib.framework/Versions/A/libvDSP.dylib
0x000000000a05d000 	/System/Library/Frameworks/Accelerate.framework/Versions/A/Frameworks/vecLib.framework/Versions/A/libvMisc.dylib
0x000000000a05d000 	/System/Library/Frameworks/Accelerate.framework/Versions/A/Frameworks/vecLib.framework/Versions/A/libLAPACK.dylib
0x000000000a05d000 	/System/Library/Frameworks/Accelerate.framework/Versions/A/Frameworks/vecLib.framework/Versions/A/libBLAS.dylib
0x000000000a05d000 	/System/Library/Frameworks/Accelerate.framework/Versions/A/Frameworks/vecLib.framework/Versions/A/libLinearAlgebra.dylib
0x000000000a05d000 	/System/Library/Frameworks/ApplicationServices.framework/Versions/A/Frameworks/ATS.framework/Versions/A/Resources/libFontParser.dylib
0x000000000a05d000 	/System/Library/Frameworks/ApplicationServices.framework/Versions/A/Frameworks/ATS.framework/Versions/A/Resources/libFontRegistry.dylib
0x000000000a05d000 	/System/Library/PrivateFrameworks/AppleVPA.framework/Versions/A/AppleVPA
0x000000000a05d000 	/System/Library/PrivateFrameworks/AppleJPEG.framework/Versions/A/AppleJPEG
0x000000000a05d000 	/System/Library/Frameworks/ImageIO.framework/Versions/A/Resources/libJPEG.dylib
0x000000000a05d000 	/System/Library/Frameworks/ImageIO.framework/Versions/A/Resources/libTIFF.dylib
0x000000000a05d000 	/System/Library/Frameworks/ImageIO.framework/Versions/A/Resources/libPng.dylib
0x000000000a05d000 	/System/Library/Frameworks/ImageIO.framework/Versions/A/Resources/libGIF.dylib
0x000000000a05d000 	/System/Library/Frameworks/ImageIO.framework/Versions/A/Resources/libJP2.dylib
0x000000000a05d000 	/System/Library/Frameworks/ImageIO.framework/Versions/A/Resources/libRadiance.dylib
0x000000000a05d000 	/System/Library/Frameworks/CoreVideo.framework/Versions/A/CoreVideo
0x000000000a05d000 	/System/Library/Frameworks/OpenGL.framework/Versions/A/Libraries/libGLU.dylib
0x000000000a05d000 	/System/Library/Frameworks/OpenGL.framework/Versions/A/Libraries/libGFXShared.dylib
0x000000000a05d000 	/System/Library/Frameworks/OpenGL.framework/Versions/A/Libraries/libGL.dylib
0x000000000a05d000 	/System/Library/Frameworks/OpenGL.framework/Versions/A/Libraries/libGLImage.dylib
0x000000000a05d000 	/System/Library/Frameworks/OpenGL.framework/Versions/A/Libraries/libCVMSPluginSupport.dylib
0x000000000a05d000 	/System/Library/Frameworks/OpenGL.framework/Versions/A/Libraries/libCoreVMClient.dylib
0x000000000a05d000 	/usr/lib/libcups.2.dylib
0x000000000a05d000 	/System/Library/Frameworks/Kerberos.framework/Versions/A/Kerberos
0x000000000a05d000 	/System/Library/Frameworks/GSS.framework/Versions/A/GSS
0x000000000a05d000 	/usr/lib/libresolv.9.dylib
0x000000000a05d000 	/usr/lib/libiconv.2.dylib
0x000000000a05d000 	/System/Library/PrivateFrameworks/Heimdal.framework/Versions/A/Heimdal
0x000000000a05d000 	/usr/lib/libheimdal-asn1.dylib
0x000000000a05d000 	/System/Library/Frameworks/OpenDirectory.framework/Versions/A/OpenDirectory
0x000000000a05d000 	/System/Library/PrivateFrameworks/CommonAuth.framework/Versions/A/CommonAuth
0x000000000a05d000 	/System/Library/Frameworks/OpenDirectory.framework/Versions/A/Frameworks/CFOpenDirectory.framework/Versions/A/CFOpenDirectory
0x000000000a05d000 	/System/Library/Frameworks/SecurityFoundation.framework/Versions/A/SecurityFoundation
0x000000000a05d000 	/System/Library/PrivateFrameworks/LanguageModeling.framework/Versions/A/LanguageModeling
0x000000000a05d000 	/usr/lib/libcmph.dylib
0x000000000a05d000 	/System/Library/Frameworks/ServiceManagement.framework/Versions/A/ServiceManagement
0x000000000a05d000 	/usr/lib/libxslt.1.dylib
0x000000000a05d000 	/System/Library/Frameworks/Carbon.framework/Versions/A/Frameworks/Ink.framework/Versions/A/Ink
0x000000000a05d000 	/System/Library/Frameworks/QuartzCore.framework/Versions/A/Frameworks/CoreImage.framework/Versions/A/CoreImage
0x000000000a05d000 	/System/Library/PrivateFrameworks/CrashReporterSupport.framework/Versions/A/CrashReporterSupport
0x000000000a05d000 	/System/Library/Frameworks/OpenCL.framework/Versions/A/OpenCL
0x000000000a05d000 	/System/Library/PrivateFrameworks/FaceCore.framework/Versions/A/FaceCore
0x000000000a05d000 	/System/Library/PrivateFrameworks/Ubiquity.framework/Versions/A/Ubiquity
0x000000000a05d000 	/System/Library/PrivateFrameworks/IconServices.framework/Versions/A/IconServices
0x000000000a05d000 	/System/Library/PrivateFrameworks/ChunkingLibrary.framework/Versions/A/ChunkingLibrary
0x000000000a05d000 	/System/Library/PrivateFrameworks/Apple80211.framework/Versions/A/Apple80211
0x000000000a05d000 	/System/Library/Frameworks/CoreWLAN.framework/Versions/A/CoreWLAN
0x000000000a05d000 	/System/Library/Frameworks/IOBluetooth.framework/Versions/A/IOBluetooth
0x000000000a05d000 	/System/Library/PrivateFrameworks/CoreWiFi.framework/Versions/A/CoreWiFi
0x000000000a05d000 	/System/Library/Frameworks/CoreBluetooth.framework/Versions/A/CoreBluetooth
0x000000000a05d000 	/System/Library/PrivateFrameworks/DebugSymbols.framework/Versions/A/DebugSymbols
0x000000000a05d000 	/System/Library/PrivateFrameworks/CoreSymbolication.framework/Versions/A/CoreSymbolication
0x000000000a05d000 	/System/Library/PrivateFrameworks/Symbolication.framework/Versions/A/Symbolication
0x000000000a05d000 	/System/Library/PrivateFrameworks/SpeechRecognitionCore.framework/Versions/A/SpeechRecognitionCore
0x000000010fd06000 	/Library/Java/JavaVirtualMachines/jdk1.8.0_60.jdk/Contents/Home/jre/lib/server/libjvm.dylib
0x000000000a05d000 	/usr/lib/libstdc++.6.dylib
0x0000000110d92000 	/Library/Java/JavaVirtualMachines/jdk1.8.0_60.jdk/Contents/Home/jre/lib/libverify.dylib
0x0000000110da0000 	/Library/Java/JavaVirtualMachines/jdk1.8.0_60.jdk/Contents/Home/jre/lib/libjava.dylib
0x0000000110dd6000 	/Library/Java/JavaVirtualMachines/jdk1.8.0_60.jdk/Contents/Home/jre/lib/libjdwp.dylib
0x0000000110e21000 	/Library/Java/JavaVirtualMachines/jdk1.8.0_60.jdk/Contents/Home/jre/lib/libnpt.dylib
0x0000000110e45000 	/Library/Java/JavaVirtualMachines/jdk1.8.0_60.jdk/Contents/Home/jre/lib/libzip.dylib
0x00000001276c9000 	/System/Library/Frameworks/JavaVM.framework/Frameworks/JavaRuntimeSupport.framework/JavaRuntimeSupport
0x00000001276e4000 	/System/Library/Frameworks/JavaVM.framework/Versions/A/Frameworks/JavaNativeFoundation.framework/Versions/A/JavaNativeFoundation
0x00000001276f9000 	/System/Library/Frameworks/JavaVM.framework/Versions/A/JavaVM
0x000000000a05d000 	/System/Library/Frameworks/Carbon.framework/Versions/A/Carbon
0x0000000127706000 	/System/Library/PrivateFrameworks/JavaLaunching.framework/Versions/A/JavaLaunching
0x000000000a05d000 	/System/Library/Frameworks/Carbon.framework/Versions/A/Frameworks/CommonPanels.framework/Versions/A/CommonPanels
0x000000000a05d000 	/System/Library/Frameworks/Carbon.framework/Versions/A/Frameworks/Help.framework/Versions/A/Help
0x000000000a05d000 	/System/Library/Frameworks/Carbon.framework/Versions/A/Frameworks/ImageCapture.framework/Versions/A/ImageCapture
0x000000000a05d000 	/System/Library/Frameworks/Carbon.framework/Versions/A/Frameworks/OpenScripting.framework/Versions/A/OpenScripting
0x000000000a05d000 	/System/Library/Frameworks/Carbon.framework/Versions/A/Frameworks/Print.framework/Versions/A/Print
0x000000000a05d000 	/System/Library/Frameworks/Carbon.framework/Versions/A/Frameworks/SecurityHI.framework/Versions/A/SecurityHI
0x00000001290ef000 	/Library/Java/JavaVirtualMachines/jdk1.8.0_60.jdk/Contents/Home/jre/lib/libdt_socket.dylib

VM Arguments:
jvm_args: -agentlib:jdwp=transport=dt_socket,address=127.0.0.1:64900,suspend=y,server=n -Dfile.encoding=UTF-8 
java_command: org.amee.medjunkie.service.QueryService
java_class_path (initial): /Library/Java/JavaVirtualMachines/jdk1.8.0_60.jdk/Contents/Home/lib/ant-javafx.jar:/Library/Java/JavaVirtualMachines/jdk1.8.0_60.jdk/Contents/Home/lib/dt.jar:/Library/Java/JavaVirtualMachines/jdk1.8.0_60.jdk/Contents/Home/lib/javafx-mx.jar:/Library/Java/JavaVirtualMachines/jdk1.8.0_60.jdk/Contents/Home/lib/jconsole.jar:/Library/Java/JavaVirtualMachines/jdk1.8.0_60.jdk/Contents/Home/lib/packager.jar:/Library/Java/JavaVirtualMachines/jdk1.8.0_60.jdk/Contents/Home/lib/sa-jdi.jar:/Library/Java/JavaVirtualMachines/jdk1.8.0_60.jdk/Contents/Home/lib/tools.jar:/Library/Java/JavaVirtualMachines/jdk1.8.0_60.jdk/Contents/Home/jre/lib/charsets.jar:/Library/Java/JavaVirtualMachines/jdk1.8.0_60.jdk/Contents/Home/jre/lib/deploy.jar:/Library/Java/JavaVirtualMachines/jdk1.8.0_60.jdk/Contents/Home/jre/lib/javaws.jar:/Library/Java/JavaVirtualMachines/jdk1.8.0_60.jdk/Contents/Home/jre/lib/jce.jar:/Library/Java/JavaVirtualMachines/jdk1.8.0_60.jdk/Contents/Home/jre/lib/jfr.jar:/Library/Java/JavaVirtualMachines/jdk1.8.0_60.jdk/Contents/Home/jre/lib/jfxswt.jar:/Library/Java/JavaVirtualMachines/jdk1.8.0_60.jdk/Contents/Home/jre/lib/jsse.jar:/Library/Java/JavaVirtualMachines/jdk1.8.0_60.jdk/Contents/Home/jre/lib/management-agent.jar:/Library/Java/JavaVirtualMachines/jdk1.8.0_60.jdk/Contents/Home/jre/lib/plugin.jar:/Library/Java/JavaVirtualMachines/jdk1.8.0_60.jdk/Contents/Home/jre/lib/resources.jar:/Library/Java/JavaVirtualMachines/jdk1.8.0_60.jdk/Contents/Home/jre/lib/rt.jar:/Library/Java/JavaVirtualMachines/jdk1.8.0_60.jdk/Contents/Home/jre/lib/ext/cldrdata.jar:/Library/Java/JavaVirtualMachines/jdk1.8.0_60.jdk/Contents/Home/jre/lib/ext/dnsns.jar:/Library/Java/JavaVirtualMachines/jdk1.8.0_60.jdk/Contents/Home/jre/lib/ext/jaccess.jar:/Library/Java/JavaVirtualMachines/jdk1.8.0_60.jdk/Contents/Home/jre/lib/ext/jfxrt.jar:/Library/Java/JavaVirtualMachines/jdk1.8.0_60.jdk/Contents/Home/jre/lib/ext/localedata.jar:/Library/Java/JavaVirtualMachines/jdk1.8.0_60.jdk/Conten
Launcher Type: SUN_STANDARD

Environment Variables:
PATH=/usr/local/bin:/usr/bin:/bin:/usr/sbin:/sbin
SHELL=/bin/zsh
DISPLAY=/private/tmp/com.apple.launchd.ttqQvxTFGS/org.macosforge.xquartz:0

Signal Handlers:
SIGSEGV: [libjvm.dylib+0x5a6d31], sa_mask[0]=11111111011111110111111111111111, sa_flags=SA_ONSTACK|SA_RESTART|SA_SIGINFO
SIGBUS: [libjvm.dylib+0x5a6d31], sa_mask[0]=11111111011111110111111111111111, sa_flags=SA_RESTART|SA_SIGINFO
SIGFPE: [libjvm.dylib+0x480a4c], sa_mask[0]=11111111011111110111111111111111, sa_flags=SA_RESTART|SA_SIGINFO
SIGPIPE: [libjvm.dylib+0x480a4c], sa_mask[0]=11111111011111110111111111111111, sa_flags=SA_RESTART|SA_SIGINFO
SIGXFSZ: [libjvm.dylib+0x480a4c], sa_mask[0]=11111111011111110111111111111111, sa_flags=SA_RESTART|SA_SIGINFO
SIGILL: [libjvm.dylib+0x480a4c], sa_mask[0]=11111111011111110111111111111111, sa_flags=SA_RESTART|SA_SIGINFO
SIGUSR1: SIG_DFL, sa_mask[0]=00000000000000000000000000000000, sa_flags=none
SIGUSR2: [libjvm.dylib+0x48056a], sa_mask[0]=00100000000000000000000000000000, sa_flags=SA_RESTART|SA_SIGINFO
SIGHUP: [libjvm.dylib+0x47eb41], sa_mask[0]=11111111011111110111111111111111, sa_flags=SA_RESTART|SA_SIGINFO
SIGINT: [libjvm.dylib+0x47eb41], sa_mask[0]=11111111011111110111111111111111, sa_flags=SA_RESTART|SA_SIGINFO
SIGTERM: [libjvm.dylib+0x47eb41], sa_mask[0]=11111111011111110111111111111111, sa_flags=SA_RESTART|SA_SIGINFO
SIGQUIT: [libjvm.dylib+0x47eb41], sa_mask[0]=11111111011111110111111111111111, sa_flags=SA_RESTART|SA_SIGINFO


---------------  S Y S T E M  ---------------

OS:Bsduname:Darwin 14.5.0 Darwin Kernel Version 14.5.0: Wed Jul 29 02:26:53 PDT 2015; root:xnu-2782.40.9~1/RELEASE_X86_64 x86_64
rlimit: STACK 8192k, CORE 0k, NPROC 709, NOFILE 10240, AS infinity
load average:1.99 2.00 2.55

CPU:total 4 (2 cores per cpu, 2 threads per core) family 6 model 61 stepping 4, cmov, cx8, fxsr, mmx, sse, sse2, sse3, ssse3, sse4.1, sse4.2, popcnt, avx, avx2, aes, clmul, erms, 3dnowpref, lzcnt, ht, tsc, tscinvbit, bmi1, bmi2, adx

Memory: 4k page, physical 8388608k(390688k free)

/proc/meminfo:


vm_info: Java HotSpot(TM) 64-Bit Server VM (25.60-b23) for bsd-amd64 JRE (1.8.0_60-b27), built on Aug  4 2015 10:47:24 by "java_re" with gcc 4.2.1 (Based on Apple Inc. build 5658) (LLVM build 2336.11.00)

time: Sun Sep  6 02:35:58 2015
elapsed time: 4971 seconds (0d 1h 22m 51s)

